<?xml version="1.0" encoding="UTF-8"?>
<testng-results skipped="0" failed="0" total="6" passed="6">
  <reporter-output>
  </reporter-output>
  <suite name="Suite" duration-ms="79994" started-at="2016-07-20T10:50:56Z" finished-at="2016-07-20T10:52:16Z">
    <groups>
    </groups>
    <test name="Test WebMachine" duration-ms="47319" started-at="2016-07-20T10:50:56Z" finished-at="2016-07-20T10:51:43Z">
      <class name="com.perfecto.testing.WebScenarioParallel">
        <test-method status="PASS" signature="beforeTest(java.lang.String, java.lang.String, java.lang.String, java.lang.String, java.lang.String)[pri:0, instance:com.perfecto.testing.WebScenarioParallel@548e7350]" name="beforeTest" is-config="true" duration-ms="15387" started-at="2016-07-20T13:50:56Z" finished-at="2016-07-20T13:51:11Z">
          <params>
            <param index="0">
              <value>
                <![CDATA[Windows]]>
              </value>
            </param>
            <param index="1">
              <value>
                <![CDATA[8.1]]>
              </value>
            </param>
            <param index="2">
              <value>
                <![CDATA[Chrome]]>
              </value>
            </param>
            <param index="3">
              <value>
                <![CDATA[51]]>
              </value>
            </param>
            <param index="4">
              <value>
                <![CDATA[]]>
              </value>
            </param>
          </params>
          <reporter-output>
          </reporter-output>
        </test-method> <!-- beforeTest -->
        <test-method status="PASS" signature="geicoInsurance()[pri:0, instance:com.perfecto.testing.WebScenarioParallel@548e7350]" name="geicoInsurance" duration-ms="19569" started-at="2016-07-20T13:51:11Z" finished-at="2016-07-20T13:51:31Z">
          <reporter-output>
          </reporter-output>
        </test-method> <!-- geicoInsurance -->
        <test-method status="PASS" signature="searchGoogle()[pri:0, instance:com.perfecto.testing.WebScenarioParallel@548e7350]" name="searchGoogle" duration-ms="3253" started-at="2016-07-20T13:51:31Z" finished-at="2016-07-20T13:51:34Z">
          <reporter-output>
          </reporter-output>
        </test-method> <!-- searchGoogle -->
        <test-method status="PASS" signature="afterTest()[pri:0, instance:com.perfecto.testing.WebScenarioParallel@548e7350]" name="afterTest" is-config="true" duration-ms="9102" started-at="2016-07-20T13:51:34Z" finished-at="2016-07-20T13:51:43Z">
          <reporter-output>
          </reporter-output>
        </test-method> <!-- afterTest -->
      </class> <!-- com.perfecto.testing.WebScenarioParallel -->
    </test> <!-- Test WebMachine -->
    <test name="Test Galaxy S6" duration-ms="67389" started-at="2016-07-20T10:50:56Z" finished-at="2016-07-20T10:52:03Z">
      <class name="com.perfecto.testing.WebScenarioParallel">
        <test-method status="PASS" signature="beforeTest(java.lang.String, java.lang.String, java.lang.String, java.lang.String, java.lang.String)[pri:0, instance:com.perfecto.testing.WebScenarioParallel@1ce92674]" name="beforeTest" is-config="true" duration-ms="10910" started-at="2016-07-20T13:50:56Z" finished-at="2016-07-20T13:51:07Z">
          <params>
            <param index="0">
              <value>
                <![CDATA[Android]]>
              </value>
            </param>
            <param index="1">
              <value>
                <![CDATA[]]>
              </value>
            </param>
            <param index="2">
              <value>
                <![CDATA[mobileOS]]>
              </value>
            </param>
            <param index="3">
              <value>
                <![CDATA[]]>
              </value>
            </param>
            <param index="4">
              <value>
                <![CDATA[]]>
              </value>
            </param>
          </params>
          <reporter-output>
          </reporter-output>
        </test-method> <!-- beforeTest -->
        <test-method status="PASS" signature="geicoInsurance()[pri:0, instance:com.perfecto.testing.WebScenarioParallel@1ce92674]" name="geicoInsurance" duration-ms="36666" started-at="2016-07-20T13:51:07Z" finished-at="2016-07-20T13:51:43Z">
          <reporter-output>
          </reporter-output>
        </test-method> <!-- geicoInsurance -->
        <test-method status="PASS" signature="searchGoogle()[pri:0, instance:com.perfecto.testing.WebScenarioParallel@1ce92674]" name="searchGoogle" duration-ms="7500" started-at="2016-07-20T13:51:43Z" finished-at="2016-07-20T13:51:51Z">
          <reporter-output>
          </reporter-output>
        </test-method> <!-- searchGoogle -->
        <test-method status="PASS" signature="afterTest()[pri:0, instance:com.perfecto.testing.WebScenarioParallel@1ce92674]" name="afterTest" is-config="true" duration-ms="12306" started-at="2016-07-20T13:51:51Z" finished-at="2016-07-20T13:52:03Z">
          <reporter-output>
          </reporter-output>
        </test-method> <!-- afterTest -->
      </class> <!-- com.perfecto.testing.WebScenarioParallel -->
    </test> <!-- Test Galaxy S6 -->
    <test name="Test iPhone6 Plus" duration-ms="79994" started-at="2016-07-20T10:50:56Z" finished-at="2016-07-20T10:52:16Z">
      <class name="com.perfecto.testing.WebScenarioParallel">
        <test-method status="PASS" signature="beforeTest(java.lang.String, java.lang.String, java.lang.String, java.lang.String, java.lang.String)[pri:0, instance:com.perfecto.testing.WebScenarioParallel@402a079c]" name="beforeTest" is-config="true" duration-ms="10218" started-at="2016-07-20T13:50:56Z" finished-at="2016-07-20T13:51:06Z">
          <params>
            <param index="0">
              <value>
                <![CDATA[iOS]]>
              </value>
            </param>
            <param index="1">
              <value>
                <![CDATA[]]>
              </value>
            </param>
            <param index="2">
              <value>
                <![CDATA[mobileOS]]>
              </value>
            </param>
            <param index="3">
              <value>
                <![CDATA[]]>
              </value>
            </param>
            <param index="4">
              <value>
                <![CDATA[]]>
              </value>
            </param>
          </params>
          <reporter-output>
          </reporter-output>
        </test-method> <!-- beforeTest -->
        <test-method status="PASS" signature="geicoInsurance()[pri:0, instance:com.perfecto.testing.WebScenarioParallel@402a079c]" name="geicoInsurance" duration-ms="48290" started-at="2016-07-20T13:51:06Z" finished-at="2016-07-20T13:51:54Z">
          <reporter-output>
          </reporter-output>
        </test-method> <!-- geicoInsurance -->
        <test-method status="PASS" signature="searchGoogle()[pri:0, instance:com.perfecto.testing.WebScenarioParallel@402a079c]" name="searchGoogle" duration-ms="12748" started-at="2016-07-20T13:51:54Z" finished-at="2016-07-20T13:52:07Z">
          <reporter-output>
          </reporter-output>
        </test-method> <!-- searchGoogle -->
        <test-method status="PASS" signature="afterTest()[pri:0, instance:com.perfecto.testing.WebScenarioParallel@402a079c]" name="afterTest" is-config="true" duration-ms="8727" started-at="2016-07-20T13:52:07Z" finished-at="2016-07-20T13:52:16Z">
          <reporter-output>
          </reporter-output>
        </test-method> <!-- afterTest -->
      </class> <!-- com.perfecto.testing.WebScenarioParallel -->
    </test> <!-- Test iPhone6 Plus -->
  </suite> <!-- Suite -->
</testng-results>
